<?xml version="1.0" encoding="UTF-8"?>
<!-- Generated by org.testng.reporters.JUnitXMLReporter -->
<testsuite ignored="0" hostname="LAPTOP-HR175218" failures="1" tests="1" name="testName" time="0.067" errors="0" timestamp="2023-11-13T10:17:21 IST">
  <testcase classname="testNgPractice.ListenerClass" name="sample" time="0.014">
    <failure type="java.lang.AssertionError" message="expected [false] but found [true]">
      <![CDATA[java.lang.AssertionError: expected [false] but found [true]
at testNgPractice.ListenerClass.sample(ListenerClass.java:13)
at java.base/java.util.ArrayList.forEach(ArrayList.java:1511)
... Removed 31 stack frames]]>
    </failure>
  </testcase> <!-- sample -->
</testsuite> <!-- testName -->
